<?xml version="1.0" encoding="UTF-8"?>
<!-- Generated by org.testng.reporters.JUnitReportReporter -->
<testsuite skipped="0" hostname="DESKTOP-1E2DSJ9" name="com.POM.NewToursHomePageTesting" tests="1" failures="0" timestamp="29 Jan 2019 16:23:03 GMT" time="53.121" errors="0">
  <testcase name="homePage" time="53.121" classname="com.POM.NewToursHomePageTesting"/>
</testsuite> <!-- com.POM.NewToursHomePageTesting -->
