<?xml version="1.0" encoding="UTF-8"?>
<!-- Generated by org.testng.reporters.JUnitReportReporter -->
<testsuite skipped="0" hostname="DESKTOP-1E2DSJ9" name="com.AutoIt.UploadImage" tests="2" failures="0" timestamp="03 Feb 2019 02:07:58 GMT" time="59.244" errors="0">
  <testcase name="uploadFile" time="40.472" classname="com.AutoIt.UploadImage"/>
  <testcase name="browser" time="18.772" classname="com.AutoIt.UploadImage"/>
</testsuite> <!-- com.AutoIt.UploadImage -->
