<?xml version="1.0" encoding="UTF-8"?>
<!-- Generated by org.testng.reporters.JUnitReportReporter -->
<testsuite skipped="0" hostname="DESKTOP-1E2DSJ9" name="com.DataDriven.NewTours_NewUserRegistration_TestData" tests="2" failures="0" timestamp="02 Feb 2019 12:34:35 GMT" time="20.410" errors="0">
  <testcase name="register" time="2.612" classname="com.DataDriven.NewTours_NewUserRegistration_TestData"/>
  <testcase name="newUserRegistration" time="17.798" classname="com.DataDriven.NewTours_NewUserRegistration_TestData"/>
</testsuite> <!-- com.DataDriven.NewTours_NewUserRegistration_TestData -->
