<?xml version="1.0" encoding="UTF-8"?>
<!-- Generated by org.testng.reporters.JUnitReportReporter -->
<testsuite skipped="0" hostname="DESKTOP-1E2DSJ9" name="com.OHRMTestScripts.LogInTest" tests="1" failures="0" timestamp="28 Jan 2019 12:06:33 GMT" time="27.434" errors="0">
  <testcase name="LogIn" time="27.434" classname="com.OHRMTestScripts.LogInTest"/>
</testsuite> <!-- com.OHRMTestScripts.LogInTest -->
