<?xml version="1.0" encoding="UTF-8"?>
<!-- Generated by org.testng.reporters.JUnitReportReporter -->
<testsuite skipped="0" hostname="DESKTOP-1E2DSJ9" name="com.Annotations.Annotaions3" tests="2" failures="0" timestamp="24 Jan 2019 09:30:26 GMT" time="0.029" errors="0">
  <testcase name="InBox" time="0.013" classname="com.Annotations.Annotaions3"/>
  <testcase name="composeMail" time="0.016" classname="com.Annotations.Annotaions3"/>
</testsuite> <!-- com.Annotations.Annotaions3 -->
